{"/Users/algolia/git/algoliasearch-client-javascript/packages/algoliasearch/src/clientMethods.js": {"path":"/Users/algolia/git/algoliasearch-client-javascript/packages/algoliasearch/src/clientMethods.js","statementMap":{"0":{"start":{"line":14,"column":2},"end":{"line":18,"column":5}},"1":{"start":{"line":21,"column":38},"end":{"line":21,"column":45}},"2":{"start":{"line":22,"column":2},"end":{"line":26,"column":5}},"3":{"start":{"line":32,"column":2},"end":{"line":36,"column":5}},"4":{"start":{"line":42,"column":2},"end":{"line":47,"column":5}}},"fnMap":{"0":{"name":"batch","decl":{"start":{"line":13,"column":16},"end":{"line":13,"column":21}},"loc":{"start":{"line":13,"column":74},"end":{"line":19,"column":1}},"line":13},"1":{"name":"getLogs","decl":{"start":{"line":20,"column":16},"end":{"line":20,"column":23}},"loc":{"start":{"line":20,"column":74},"end":{"line":27,"column":1}},"line":20},"2":{"name":"listIndexes","decl":{"start":{"line":28,"column":16},"end":{"line":28,"column":27}},"loc":{"start":{"line":31,"column":2},"end":{"line":37,"column":1}},"line":31},"3":{"name":"search","decl":{"start":{"line":41,"column":16},"end":{"line":41,"column":22}},"loc":{"start":{"line":41,"column":70},"end":{"line":48,"column":1}},"line":41}},"branchMap":{"0":{"loc":{"start":{"line":20,"column":44},"end":{"line":20,"column":72}},"type":"default-arg","locations":[{"start":{"line":20,"column":70},"end":{"line":20,"column":72}}],"line":20},"1":{"loc":{"start":{"line":21,"column":10},"end":{"line":21,"column":20}},"type":"default-arg","locations":[{"start":{"line":21,"column":19},"end":{"line":21,"column":20}}],"line":21},"2":{"loc":{"start":{"line":21,"column":22},"end":{"line":21,"column":33}},"type":"default-arg","locations":[{"start":{"line":21,"column":31},"end":{"line":21,"column":33}}],"line":21},"3":{"loc":{"start":{"line":30,"column":2},"end":{"line":30,"column":36}},"type":"default-arg","locations":[{"start":{"line":30,"column":34},"end":{"line":30,"column":36}}],"line":30}},"s":{"0":7,"1":5,"2":5,"3":2,"4":1},"f":{"0":7,"1":5,"2":2,"3":1},"b":{"0":[1],"1":[3],"2":[3],"3":[1]},"_coverageSchema":"332fd63041d2c1bcb487cc26dd0d5f7d97098a6c","hash":"b5ccf56b08725e55d81e444caa2d614153c794b9"}
,"/Users/algolia/git/algoliasearch-client-javascript/packages/algoliasearch/src/index.js": {"path":"/Users/algolia/git/algoliasearch-client-javascript/packages/algoliasearch/src/index.js","statementMap":{"0":{"start":{"line":15,"column":24},"end":{"line":16,"column":48}},"1":{"start":{"line":15,"column":43},"end":{"line":16,"column":48}},"2":{"start":{"line":16,"column":2},"end":{"line":16,"column":48}},"3":{"start":{"line":16,"column":25},"end":{"line":16,"column":47}},"4":{"start":{"line":19,"column":2},"end":{"line":21,"column":3}},"5":{"start":{"line":20,"column":4},"end":{"line":20,"column":69}},"6":{"start":{"line":22,"column":2},"end":{"line":24,"column":3}},"7":{"start":{"line":23,"column":4},"end":{"line":23,"column":71}},"8":{"start":{"line":26,"column":20},"end":{"line":26,"column":50}},"9":{"start":{"line":28,"column":22},"end":{"line":28,"column":48}},"10":{"start":{"line":29,"column":27},"end":{"line":35,"column":3}},"11":{"start":{"line":30,"column":26},"end":{"line":33,"column":5}},"12":{"start":{"line":32,"column":29},"end":{"line":32,"column":70}},"13":{"start":{"line":36,"column":2},"end":{"line":36,"column":26}},"14":{"start":{"line":44,"column":2},"end":{"line":46,"column":3}},"15":{"start":{"line":45,"column":4},"end":{"line":45,"column":69}},"16":{"start":{"line":47,"column":2},"end":{"line":49,"column":3}},"17":{"start":{"line":48,"column":4},"end":{"line":48,"column":71}},"18":{"start":{"line":50,"column":2},"end":{"line":52,"column":3}},"19":{"start":{"line":51,"column":4},"end":{"line":51,"column":77}},"20":{"start":{"line":54,"column":20},"end":{"line":54,"column":50}},"21":{"start":{"line":56,"column":22},"end":{"line":56,"column":47}},"22":{"start":{"line":57,"column":27},"end":{"line":64,"column":3}},"23":{"start":{"line":58,"column":26},"end":{"line":62,"column":5}},"24":{"start":{"line":61,"column":8},"end":{"line":61,"column":59}},"25":{"start":{"line":65,"column":2},"end":{"line":65,"column":26}}},"fnMap":{"0":{"name":"(anonymous_0)","decl":{"start":{"line":15,"column":24},"end":{"line":15,"column":25}},"loc":{"start":{"line":15,"column":43},"end":{"line":16,"column":48}},"line":15},"1":{"name":"(anonymous_1)","decl":{"start":{"line":15,"column":43},"end":{"line":15,"column":44}},"loc":{"start":{"line":16,"column":2},"end":{"line":16,"column":48}},"line":16},"2":{"name":"(anonymous_2)","decl":{"start":{"line":16,"column":14},"end":{"line":16,"column":15}},"loc":{"start":{"line":16,"column":25},"end":{"line":16,"column":47}},"line":16},"3":{"name":"initClient","decl":{"start":{"line":18,"column":16},"end":{"line":18,"column":26}},"loc":{"start":{"line":18,"column":75},"end":{"line":37,"column":1}},"line":18},"4":{"name":"(anonymous_4)","decl":{"start":{"line":30,"column":4},"end":{"line":30,"column":5}},"loc":{"start":{"line":30,"column":26},"end":{"line":33,"column":5}},"line":30},"5":{"name":"(anonymous_5)","decl":{"start":{"line":32,"column":16},"end":{"line":32,"column":17}},"loc":{"start":{"line":32,"column":29},"end":{"line":32,"column":70}},"line":32},"6":{"name":"initIndex","decl":{"start":{"line":39,"column":16},"end":{"line":39,"column":25}},"loc":{"start":{"line":43,"column":30},"end":{"line":66,"column":1}},"line":43},"7":{"name":"(anonymous_7)","decl":{"start":{"line":58,"column":4},"end":{"line":58,"column":5}},"loc":{"start":{"line":58,"column":26},"end":{"line":62,"column":5}},"line":58},"8":{"name":"(anonymous_8)","decl":{"start":{"line":60,"column":16},"end":{"line":60,"column":17}},"loc":{"start":{"line":61,"column":8},"end":{"line":61,"column":59}},"line":61}},"branchMap":{"0":{"loc":{"start":{"line":19,"column":2},"end":{"line":21,"column":3}},"type":"if","locations":[{"start":{"line":19,"column":2},"end":{"line":21,"column":3}},{"start":{"line":19,"column":2},"end":{"line":21,"column":3}}],"line":19},"1":{"loc":{"start":{"line":22,"column":2},"end":{"line":24,"column":3}},"type":"if","locations":[{"start":{"line":22,"column":2},"end":{"line":24,"column":3}},{"start":{"line":22,"column":2},"end":{"line":24,"column":3}}],"line":22},"2":{"loc":{"start":{"line":44,"column":2},"end":{"line":46,"column":3}},"type":"if","locations":[{"start":{"line":44,"column":2},"end":{"line":46,"column":3}},{"start":{"line":44,"column":2},"end":{"line":46,"column":3}}],"line":44},"3":{"loc":{"start":{"line":47,"column":2},"end":{"line":49,"column":3}},"type":"if","locations":[{"start":{"line":47,"column":2},"end":{"line":49,"column":3}},{"start":{"line":47,"column":2},"end":{"line":49,"column":3}}],"line":47},"4":{"loc":{"start":{"line":50,"column":2},"end":{"line":52,"column":3}},"type":"if","locations":[{"start":{"line":50,"column":2},"end":{"line":52,"column":3}},{"start":{"line":50,"column":2},"end":{"line":52,"column":3}}],"line":50}},"s":{"0":2,"1":17,"2":32,"3":32,"4":9,"5":2,"6":7,"7":1,"8":6,"9":6,"10":6,"11":24,"12":15,"13":6,"14":15,"15":2,"16":13,"17":1,"18":12,"19":1,"20":11,"21":11,"22":11,"23":99,"24":17,"25":11},"f":{"0":17,"1":32,"2":32,"3":9,"4":24,"5":15,"6":15,"7":99,"8":17},"b":{"0":[2,7],"1":[1,6],"2":[2,13],"3":[1,12],"4":[1,11]},"_coverageSchema":"332fd63041d2c1bcb487cc26dd0d5f7d97098a6c","hash":"e99892f3c3e005365baa89f6319a6b02df5eb00b"}
,"/Users/algolia/git/algoliasearch-client-javascript/packages/algoliasearch/src/indexMethods.js": {"path":"/Users/algolia/git/algoliasearch-client-javascript/packages/algoliasearch/src/indexMethods.js","statementMap":{"0":{"start":{"line":18,"column":2},"end":{"line":22,"column":5}},"1":{"start":{"line":26,"column":2},"end":{"line":29,"column":5}},"2":{"start":{"line":37,"column":2},"end":{"line":41,"column":5}},"3":{"start":{"line":45,"column":2},"end":{"line":48,"column":5}},"4":{"start":{"line":56,"column":2},"end":{"line":60,"column":5}},"5":{"start":{"line":68,"column":2},"end":{"line":72,"column":5}},"6":{"start":{"line":80,"column":2},"end":{"line":84,"column":5}},"7":{"start":{"line":92,"column":2},"end":{"line":97,"column":5}},"8":{"start":{"line":108,"column":58},"end":{"line":108,"column":66}},"9":{"start":{"line":109,"column":2},"end":{"line":131,"column":5}},"10":{"start":{"line":113,"column":4},"end":{"line":115,"column":5}},"11":{"start":{"line":114,"column":6},"end":{"line":114,"column":17}},"12":{"start":{"line":117,"column":24},"end":{"line":117,"column":32}},"13":{"start":{"line":119,"column":18},"end":{"line":124,"column":5}},"14":{"start":{"line":120,"column":6},"end":{"line":123,"column":7}},"15":{"start":{"line":126,"column":4},"end":{"line":130,"column":6}},"16":{"start":{"line":127,"column":6},"end":{"line":129,"column":8}}},"fnMap":{"0":{"name":"batch","decl":{"start":{"line":13,"column":16},"end":{"line":13,"column":21}},"loc":{"start":{"line":17,"column":2},"end":{"line":23,"column":1}},"line":17},"1":{"name":"clear","decl":{"start":{"line":25,"column":16},"end":{"line":25,"column":21}},"loc":{"start":{"line":25,"column":64},"end":{"line":30,"column":1}},"line":25},"2":{"name":"copy","decl":{"start":{"line":32,"column":16},"end":{"line":32,"column":20}},"loc":{"start":{"line":36,"column":2},"end":{"line":42,"column":1}},"line":36},"3":{"name":"remove","decl":{"start":{"line":44,"column":16},"end":{"line":44,"column":22}},"loc":{"start":{"line":44,"column":65},"end":{"line":49,"column":1}},"line":44},"4":{"name":"browse","decl":{"start":{"line":51,"column":16},"end":{"line":51,"column":22}},"loc":{"start":{"line":55,"column":2},"end":{"line":61,"column":1}},"line":55},"5":{"name":"browseFrom","decl":{"start":{"line":63,"column":16},"end":{"line":63,"column":26}},"loc":{"start":{"line":67,"column":2},"end":{"line":73,"column":1}},"line":67},"6":{"name":"move","decl":{"start":{"line":75,"column":16},"end":{"line":75,"column":20}},"loc":{"start":{"line":79,"column":2},"end":{"line":85,"column":1}},"line":79},"7":{"name":"search","decl":{"start":{"line":87,"column":16},"end":{"line":87,"column":22}},"loc":{"start":{"line":91,"column":2},"end":{"line":98,"column":1}},"line":91},"8":{"name":"waitTask","decl":{"start":{"line":102,"column":16},"end":{"line":102,"column":24}},"loc":{"start":{"line":107,"column":19},"end":{"line":132,"column":1}},"line":107},"9":{"name":"(anonymous_9)","decl":{"start":{"line":112,"column":10},"end":{"line":112,"column":11}},"loc":{"start":{"line":112,"column":27},"end":{"line":131,"column":3}},"line":112},"10":{"name":"(anonymous_10)","decl":{"start":{"line":119,"column":30},"end":{"line":119,"column":31}},"loc":{"start":{"line":120,"column":6},"end":{"line":123,"column":7}},"line":120},"11":{"name":"(anonymous_11)","decl":{"start":{"line":126,"column":22},"end":{"line":126,"column":23}},"loc":{"start":{"line":127,"column":6},"end":{"line":129,"column":8}},"line":127}},"branchMap":{"0":{"loc":{"start":{"line":106,"column":2},"end":{"line":106,"column":25}},"type":"default-arg","locations":[{"start":{"line":106,"column":23},"end":{"line":106,"column":25}}],"line":106},"1":{"loc":{"start":{"line":108,"column":10},"end":{"line":108,"column":18}},"type":"default-arg","locations":[{"start":{"line":108,"column":17},"end":{"line":108,"column":18}}],"line":108},"2":{"loc":{"start":{"line":108,"column":20},"end":{"line":108,"column":35}},"type":"default-arg","locations":[{"start":{"line":108,"column":32},"end":{"line":108,"column":35}}],"line":108},"3":{"loc":{"start":{"line":108,"column":37},"end":{"line":108,"column":53}},"type":"default-arg","locations":[{"start":{"line":108,"column":48},"end":{"line":108,"column":53}}],"line":108},"4":{"loc":{"start":{"line":113,"column":4},"end":{"line":115,"column":5}},"type":"if","locations":[{"start":{"line":113,"column":4},"end":{"line":115,"column":5}},{"start":{"line":113,"column":4},"end":{"line":115,"column":5}}],"line":113}},"s":{"0":7,"1":1,"2":1,"3":1,"4":2,"5":1,"6":1,"7":2,"8":1,"9":1,"10":1,"11":0,"12":1,"13":1,"14":1,"15":1,"16":0},"f":{"0":7,"1":1,"2":1,"3":1,"4":2,"5":1,"6":1,"7":2,"8":1,"9":1,"10":1,"11":0},"b":{"0":[1],"1":[1],"2":[1],"3":[1],"4":[0,1]},"_coverageSchema":"332fd63041d2c1bcb487cc26dd0d5f7d97098a6c","hash":"8d296c91bfa3650a87d6fa4e37a0b4fed846c4bb"}
}
