{"/Users/algolia/git/algoliasearch-client-javascript/packages/algoliasearch/src/clientMethods.js": {"path":"/Users/algolia/git/algoliasearch-client-javascript/packages/algoliasearch/src/clientMethods.js","statementMap":{"0":{"start":{"line":14,"column":2},"end":{"line":18,"column":5}},"1":{"start":{"line":21,"column":38},"end":{"line":21,"column":45}},"2":{"start":{"line":22,"column":2},"end":{"line":26,"column":5}},"3":{"start":{"line":32,"column":2},"end":{"line":36,"column":5}},"4":{"start":{"line":42,"column":2},"end":{"line":47,"column":5}}},"fnMap":{"0":{"name":"batch","decl":{"start":{"line":13,"column":16},"end":{"line":13,"column":21}},"loc":{"start":{"line":13,"column":74},"end":{"line":19,"column":1}},"line":13},"1":{"name":"getLogs","decl":{"start":{"line":20,"column":16},"end":{"line":20,"column":23}},"loc":{"start":{"line":20,"column":74},"end":{"line":27,"column":1}},"line":20},"2":{"name":"listIndexes","decl":{"start":{"line":28,"column":16},"end":{"line":28,"column":27}},"loc":{"start":{"line":31,"column":2},"end":{"line":37,"column":1}},"line":31},"3":{"name":"search","decl":{"start":{"line":41,"column":16},"end":{"line":41,"column":22}},"loc":{"start":{"line":41,"column":70},"end":{"line":48,"column":1}},"line":41}},"branchMap":{"0":{"loc":{"start":{"line":20,"column":44},"end":{"line":20,"column":72}},"type":"default-arg","locations":[{"start":{"line":20,"column":70},"end":{"line":20,"column":72}}],"line":20},"1":{"loc":{"start":{"line":21,"column":10},"end":{"line":21,"column":20}},"type":"default-arg","locations":[{"start":{"line":21,"column":19},"end":{"line":21,"column":20}}],"line":21},"2":{"loc":{"start":{"line":21,"column":22},"end":{"line":21,"column":33}},"type":"default-arg","locations":[{"start":{"line":21,"column":31},"end":{"line":21,"column":33}}],"line":21},"3":{"loc":{"start":{"line":30,"column":2},"end":{"line":30,"column":36}},"type":"default-arg","locations":[{"start":{"line":30,"column":34},"end":{"line":30,"column":36}}],"line":30}},"s":{"0":7,"1":5,"2":5,"3":2,"4":1},"f":{"0":7,"1":5,"2":2,"3":1},"b":{"0":[1],"1":[3],"2":[3],"3":[1]},"_coverageSchema":"332fd63041d2c1bcb487cc26dd0d5f7d97098a6c","hash":"b5ccf56b08725e55d81e444caa2d614153c794b9"}
,"/Users/algolia/git/algoliasearch-client-javascript/packages/algoliasearch/src/index.js": {"path":"/Users/algolia/git/algoliasearch-client-javascript/packages/algoliasearch/src/index.js","statementMap":{"0":{"start":{"line":11,"column":2},"end":{"line":13,"column":3}},"1":{"start":{"line":12,"column":4},"end":{"line":12,"column":69}},"2":{"start":{"line":14,"column":2},"end":{"line":16,"column":3}},"3":{"start":{"line":15,"column":4},"end":{"line":15,"column":71}},"4":{"start":{"line":18,"column":2},"end":{"line":18,"column":23}},"5":{"start":{"line":22,"column":2},"end":{"line":24,"column":3}},"6":{"start":{"line":23,"column":4},"end":{"line":23,"column":69}},"7":{"start":{"line":25,"column":2},"end":{"line":27,"column":3}},"8":{"start":{"line":26,"column":4},"end":{"line":26,"column":71}},"9":{"start":{"line":28,"column":2},"end":{"line":30,"column":3}},"10":{"start":{"line":29,"column":4},"end":{"line":29,"column":77}},"11":{"start":{"line":32,"column":2},"end":{"line":32,"column":22}}},"fnMap":{"0":{"name":"initClient","decl":{"start":{"line":10,"column":16},"end":{"line":10,"column":26}},"loc":{"start":{"line":10,"column":60},"end":{"line":19,"column":1}},"line":10},"1":{"name":"initIndex","decl":{"start":{"line":21,"column":16},"end":{"line":21,"column":25}},"loc":{"start":{"line":21,"column":69},"end":{"line":33,"column":1}},"line":21}},"branchMap":{"0":{"loc":{"start":{"line":11,"column":2},"end":{"line":13,"column":3}},"type":"if","locations":[{"start":{"line":11,"column":2},"end":{"line":13,"column":3}},{"start":{"line":11,"column":2},"end":{"line":13,"column":3}}],"line":11},"1":{"loc":{"start":{"line":14,"column":2},"end":{"line":16,"column":3}},"type":"if","locations":[{"start":{"line":14,"column":2},"end":{"line":16,"column":3}},{"start":{"line":14,"column":2},"end":{"line":16,"column":3}}],"line":14},"2":{"loc":{"start":{"line":22,"column":2},"end":{"line":24,"column":3}},"type":"if","locations":[{"start":{"line":22,"column":2},"end":{"line":24,"column":3}},{"start":{"line":22,"column":2},"end":{"line":24,"column":3}}],"line":22},"3":{"loc":{"start":{"line":25,"column":2},"end":{"line":27,"column":3}},"type":"if","locations":[{"start":{"line":25,"column":2},"end":{"line":27,"column":3}},{"start":{"line":25,"column":2},"end":{"line":27,"column":3}}],"line":25},"4":{"loc":{"start":{"line":28,"column":2},"end":{"line":30,"column":3}},"type":"if","locations":[{"start":{"line":28,"column":2},"end":{"line":30,"column":3}},{"start":{"line":28,"column":2},"end":{"line":30,"column":3}}],"line":28}},"s":{"0":8,"1":2,"2":6,"3":1,"4":5,"5":0,"6":0,"7":0,"8":0,"9":0,"10":0,"11":0},"f":{"0":8,"1":0},"b":{"0":[2,6],"1":[1,5],"2":[0,0],"3":[0,0],"4":[0,0]},"_coverageSchema":"332fd63041d2c1bcb487cc26dd0d5f7d97098a6c","hash":"0b36dc322587cf1b6b5f74ec9c600f114c75a115"}
,"/Users/algolia/git/algoliasearch-client-javascript/packages/algoliasearch/src/indexMethods.js": {"path":"/Users/algolia/git/algoliasearch-client-javascript/packages/algoliasearch/src/indexMethods.js","statementMap":{"0":{"start":{"line":13,"column":2},"end":{"line":16,"column":5}},"1":{"start":{"line":24,"column":2},"end":{"line":28,"column":5}},"2":{"start":{"line":32,"column":2},"end":{"line":35,"column":5}},"3":{"start":{"line":43,"column":2},"end":{"line":47,"column":5}},"4":{"start":{"line":55,"column":2},"end":{"line":59,"column":5}},"5":{"start":{"line":67,"column":2},"end":{"line":71,"column":5}},"6":{"start":{"line":79,"column":2},"end":{"line":84,"column":5}},"7":{"start":{"line":92,"column":2},"end":{"line":97,"column":5}},"8":{"start":{"line":108,"column":58},"end":{"line":108,"column":66}},"9":{"start":{"line":109,"column":2},"end":{"line":131,"column":5}},"10":{"start":{"line":113,"column":4},"end":{"line":115,"column":5}},"11":{"start":{"line":114,"column":6},"end":{"line":114,"column":17}},"12":{"start":{"line":117,"column":24},"end":{"line":117,"column":32}},"13":{"start":{"line":119,"column":18},"end":{"line":124,"column":5}},"14":{"start":{"line":120,"column":6},"end":{"line":123,"column":7}},"15":{"start":{"line":126,"column":4},"end":{"line":130,"column":6}},"16":{"start":{"line":127,"column":6},"end":{"line":129,"column":8}}},"fnMap":{"0":{"name":"clear","decl":{"start":{"line":12,"column":16},"end":{"line":12,"column":21}},"loc":{"start":{"line":12,"column":64},"end":{"line":17,"column":1}},"line":12},"1":{"name":"copy","decl":{"start":{"line":19,"column":16},"end":{"line":19,"column":20}},"loc":{"start":{"line":23,"column":2},"end":{"line":29,"column":1}},"line":23},"2":{"name":"remove","decl":{"start":{"line":31,"column":16},"end":{"line":31,"column":22}},"loc":{"start":{"line":31,"column":65},"end":{"line":36,"column":1}},"line":31},"3":{"name":"browse","decl":{"start":{"line":38,"column":16},"end":{"line":38,"column":22}},"loc":{"start":{"line":42,"column":2},"end":{"line":48,"column":1}},"line":42},"4":{"name":"browseFrom","decl":{"start":{"line":50,"column":16},"end":{"line":50,"column":26}},"loc":{"start":{"line":54,"column":2},"end":{"line":60,"column":1}},"line":54},"5":{"name":"move","decl":{"start":{"line":62,"column":16},"end":{"line":62,"column":20}},"loc":{"start":{"line":66,"column":2},"end":{"line":72,"column":1}},"line":66},"6":{"name":"search","decl":{"start":{"line":74,"column":16},"end":{"line":74,"column":22}},"loc":{"start":{"line":78,"column":2},"end":{"line":85,"column":1}},"line":78},"7":{"name":"similarSearch","decl":{"start":{"line":87,"column":16},"end":{"line":87,"column":29}},"loc":{"start":{"line":91,"column":2},"end":{"line":98,"column":1}},"line":91},"8":{"name":"waitTask","decl":{"start":{"line":102,"column":16},"end":{"line":102,"column":24}},"loc":{"start":{"line":107,"column":19},"end":{"line":132,"column":1}},"line":107},"9":{"name":"(anonymous_9)","decl":{"start":{"line":112,"column":10},"end":{"line":112,"column":11}},"loc":{"start":{"line":112,"column":27},"end":{"line":131,"column":3}},"line":112},"10":{"name":"(anonymous_10)","decl":{"start":{"line":119,"column":30},"end":{"line":119,"column":31}},"loc":{"start":{"line":120,"column":6},"end":{"line":123,"column":7}},"line":120},"11":{"name":"(anonymous_11)","decl":{"start":{"line":126,"column":22},"end":{"line":126,"column":23}},"loc":{"start":{"line":127,"column":6},"end":{"line":129,"column":8}},"line":127}},"branchMap":{"0":{"loc":{"start":{"line":106,"column":2},"end":{"line":106,"column":25}},"type":"default-arg","locations":[{"start":{"line":106,"column":23},"end":{"line":106,"column":25}}],"line":106},"1":{"loc":{"start":{"line":108,"column":10},"end":{"line":108,"column":18}},"type":"default-arg","locations":[{"start":{"line":108,"column":17},"end":{"line":108,"column":18}}],"line":108},"2":{"loc":{"start":{"line":108,"column":20},"end":{"line":108,"column":35}},"type":"default-arg","locations":[{"start":{"line":108,"column":32},"end":{"line":108,"column":35}}],"line":108},"3":{"loc":{"start":{"line":108,"column":37},"end":{"line":108,"column":53}},"type":"default-arg","locations":[{"start":{"line":108,"column":48},"end":{"line":108,"column":53}}],"line":108},"4":{"loc":{"start":{"line":113,"column":4},"end":{"line":115,"column":5}},"type":"if","locations":[{"start":{"line":113,"column":4},"end":{"line":115,"column":5}},{"start":{"line":113,"column":4},"end":{"line":115,"column":5}}],"line":113}},"s":{"0":0,"1":0,"2":0,"3":0,"4":0,"5":0,"6":0,"7":0,"8":0,"9":0,"10":0,"11":0,"12":0,"13":0,"14":0,"15":0,"16":0},"f":{"0":0,"1":0,"2":0,"3":0,"4":0,"5":0,"6":0,"7":0,"8":0,"9":0,"10":0,"11":0},"b":{"0":[0],"1":[0],"2":[0],"3":[0],"4":[0,0]},"_coverageSchema":"332fd63041d2c1bcb487cc26dd0d5f7d97098a6c","hash":"b2d82d90714e0a6f47154053e8eec1c146182831"}
}
