TN:
SF:/Users/algolia/git/algoliasearch-client-javascript/packages/algoliasearch/src/clientMethods.js
FN:13,batch
FN:20,getLogs
FN:28,listIndexes
FN:41,search
FNF:4
FNH:4
FNDA:7,batch
FNDA:5,getLogs
FNDA:2,listIndexes
FNDA:1,search
DA:14,7
DA:21,5
DA:22,5
DA:32,2
DA:42,1
LF:5
LH:5
BRDA:20,0,0,1
BRDA:21,1,0,3
BRDA:21,2,0,3
BRDA:30,3,0,1
BRF:4
BRH:4
end_of_record
TN:
SF:/Users/algolia/git/algoliasearch-client-javascript/packages/algoliasearch/src/index.js
FN:10,initClient
FN:21,initIndex
FNF:2
FNH:1
FNDA:8,initClient
FNDA:0,initIndex
DA:11,8
DA:12,2
DA:14,6
DA:15,1
DA:18,5
DA:22,0
DA:23,0
DA:25,0
DA:26,0
DA:28,0
DA:29,0
DA:32,0
LF:12
LH:5
BRDA:11,0,0,2
BRDA:11,0,1,6
BRDA:14,1,0,1
BRDA:14,1,1,5
BRDA:22,2,0,0
BRDA:22,2,1,0
BRDA:25,3,0,0
BRDA:25,3,1,0
BRDA:28,4,0,0
BRDA:28,4,1,0
BRF:10
BRH:4
end_of_record
TN:
SF:/Users/algolia/git/algoliasearch-client-javascript/packages/algoliasearch/src/indexMethods.js
FN:12,clear
FN:19,copy
FN:31,remove
FN:38,browse
FN:50,browseFrom
FN:62,move
FN:74,search
FN:87,similarSearch
FN:102,waitTask
FN:112,(anonymous_9)
FN:119,(anonymous_10)
FN:126,(anonymous_11)
FNF:12
FNH:0
FNDA:0,clear
FNDA:0,copy
FNDA:0,remove
FNDA:0,browse
FNDA:0,browseFrom
FNDA:0,move
FNDA:0,search
FNDA:0,similarSearch
FNDA:0,waitTask
FNDA:0,(anonymous_9)
FNDA:0,(anonymous_10)
FNDA:0,(anonymous_11)
DA:13,0
DA:24,0
DA:32,0
DA:43,0
DA:55,0
DA:67,0
DA:79,0
DA:92,0
DA:108,0
DA:109,0
DA:113,0
DA:114,0
DA:117,0
DA:119,0
DA:120,0
DA:126,0
DA:127,0
LF:17
LH:0
BRDA:106,0,0,0
BRDA:108,1,0,0
BRDA:108,2,0,0
BRDA:108,3,0,0
BRDA:113,4,0,0
BRDA:113,4,1,0
BRF:6
BRH:0
end_of_record
