TN:
SF:/Users/algolia/git/algoliasearch-client-javascript/packages/algoliasearch/src/clientMethods.js
FN:13,batch
FN:20,getLogs
FN:28,listIndexes
FN:41,search
FNF:4
FNH:4
FNDA:7,batch
FNDA:5,getLogs
FNDA:2,listIndexes
FNDA:1,search
DA:14,7
DA:21,5
DA:22,5
DA:32,2
DA:42,1
LF:5
LH:5
BRDA:20,0,0,1
BRDA:21,1,0,3
BRDA:21,2,0,3
BRDA:30,3,0,1
BRF:4
BRH:4
end_of_record
TN:
SF:/Users/algolia/git/algoliasearch-client-javascript/packages/algoliasearch/src/index.js
FN:15,(anonymous_0)
FN:15,(anonymous_1)
FN:16,(anonymous_2)
FN:18,initClient
FN:30,(anonymous_4)
FN:32,(anonymous_5)
FN:39,initIndex
FN:58,(anonymous_7)
FN:60,(anonymous_8)
FNF:9
FNH:9
FNDA:17,(anonymous_0)
FNDA:32,(anonymous_1)
FNDA:32,(anonymous_2)
FNDA:9,initClient
FNDA:24,(anonymous_4)
FNDA:15,(anonymous_5)
FNDA:15,initIndex
FNDA:99,(anonymous_7)
FNDA:17,(anonymous_8)
DA:15,17
DA:16,32
DA:19,9
DA:20,2
DA:22,7
DA:23,1
DA:26,6
DA:28,6
DA:29,6
DA:30,24
DA:32,15
DA:36,6
DA:44,15
DA:45,2
DA:47,13
DA:48,1
DA:50,12
DA:51,1
DA:54,11
DA:56,11
DA:57,11
DA:58,99
DA:61,17
DA:65,11
LF:24
LH:24
BRDA:19,0,0,2
BRDA:19,0,1,7
BRDA:22,1,0,1
BRDA:22,1,1,6
BRDA:44,2,0,2
BRDA:44,2,1,13
BRDA:47,3,0,1
BRDA:47,3,1,12
BRDA:50,4,0,1
BRDA:50,4,1,11
BRF:10
BRH:10
end_of_record
TN:
SF:/Users/algolia/git/algoliasearch-client-javascript/packages/algoliasearch/src/indexMethods.js
FN:13,batch
FN:25,clear
FN:32,copy
FN:44,remove
FN:51,browse
FN:63,browseFrom
FN:75,move
FN:87,search
FN:102,waitTask
FN:112,(anonymous_9)
FN:119,(anonymous_10)
FN:126,(anonymous_11)
FNF:12
FNH:11
FNDA:7,batch
FNDA:1,clear
FNDA:1,copy
FNDA:1,remove
FNDA:2,browse
FNDA:1,browseFrom
FNDA:1,move
FNDA:2,search
FNDA:1,waitTask
FNDA:1,(anonymous_9)
FNDA:1,(anonymous_10)
FNDA:0,(anonymous_11)
DA:18,7
DA:26,1
DA:37,1
DA:45,1
DA:56,2
DA:68,1
DA:80,1
DA:92,2
DA:108,1
DA:109,1
DA:113,1
DA:114,0
DA:117,1
DA:119,1
DA:120,1
DA:126,1
DA:127,0
LF:17
LH:15
BRDA:106,0,0,1
BRDA:108,1,0,1
BRDA:108,2,0,1
BRDA:108,3,0,1
BRDA:113,4,0,0
BRDA:113,4,1,1
BRF:6
BRH:5
end_of_record
